<?xml version="1.0" encoding="UTF-8"?>
<!-- Generated by org.testng.reporters.JUnitReportReporter -->
<testsuite hostname="DESKTOP-GNH89IQ" failures="0" tests="4" name="testCases.TC003LoginDDT" time="24.998" errors="0" timestamp="2024-10-27T11:43:48 IST" skipped="0">
  <testcase classname="testCases.TC003LoginDDT" name="verify_loginDDT" time="1.382"/>
  <testcase classname="testCases.TC003LoginDDT" name="verify_loginDDT" time="10.963"/>
  <testcase classname="testCases.TC003LoginDDT" name="verify_loginDDT" time="10.854"/>
  <testcase classname="testCases.TC003LoginDDT" name="verify_loginDDT" time="1.799"/>
</testsuite> <!-- testCases.TC003LoginDDT -->
