<?xml version="1.0" encoding="UTF-8"?>
<!-- Generated by org.testng.reporters.JUnitReportReporter -->
<testsuite hostname="DESKTOP-GNH89IQ" failures="0" tests="1" name="testCases.TC002LoginTest" time="1.783" errors="0" timestamp="2024-11-08T21:13:07 IST" skipped="0">
  <testcase classname="testCases.TC002LoginTest" name="verify_login" time="1.783"/>
</testsuite> <!-- testCases.TC002LoginTest -->
