<?xml version="1.0" encoding="UTF-8"?>
<!-- Generated by org.testng.reporters.JUnitReportReporter -->
<testsuite hostname="DESKTOP-GNH89IQ" failures="0" tests="1" name="testCases.TC001AccountRegistrationTest" time="2.682" errors="0" timestamp="2024-11-08T21:13:07 IST" skipped="0">
  <testcase classname="testCases.TC001AccountRegistrationTest" name="verify_account_registration" time="2.682"/>
</testsuite> <!-- testCases.TC001AccountRegistrationTest -->
